This is pdfTeX, Version 3.141592653-2.6-1.40.25 (MiKTeX 24.1) (preloaded format=pdflatex 2024.2.5)  3 MAR 2024 02:28
entering extended mode
 restricted \write18 enabled.
 file:line:error style messages enabled.
 %&-line parsing enabled.
**c:/projects/Flight_Price_Prediction/report_files/document.tex
(c:/projects/Flight_Price_Prediction/report_files/document.tex
LaTeX2e <2023-11-01> patch level 1
L3 programming layer <2024-01-22>
(C:\Users\moria\AppData\Local\Programs\MiKTeX\tex/latex/base\article.cls
Document Class: article 2023/05/17 v1.4n Standard LaTeX document class
(C:\Users\moria\AppData\Local\Programs\MiKTeX\tex/latex/base\size10.clo
File: size10.clo 2023/05/17 v1.4n Standard LaTeX file (size option)
)
\c@part=\count187
\c@section=\count188
\c@subsection=\count189
\c@subsubsection=\count190
\c@paragraph=\count191
\c@subparagraph=\count192
\c@figure=\count193
\c@table=\count194
\abovecaptionskip=\skip48
\belowcaptionskip=\skip49
\bibindent=\dimen140
) (C:\Users\moria\AppData\Local\Programs\MiKTeX\tex/latex/graphics\graphicx.sty
Package: graphicx 2021/09/16 v1.2d Enhanced LaTeX Graphics (DPC,SPQR)
 (C:\Users\moria\AppData\Local\Programs\MiKTeX\tex/latex/graphics\keyval.sty
Package: keyval 2022/05/29 v1.15 key=value parser (DPC)
\KV@toks@=\toks17
) (C:\Users\moria\AppData\Local\Programs\MiKTeX\tex/latex/graphics\graphics.sty
Package: graphics 2022/03/10 v1.4e Standard LaTeX Graphics (DPC,SPQR)
 (C:\Users\moria\AppData\Local\Programs\MiKTeX\tex/latex/graphics\trig.sty
Package: trig 2021/08/11 v1.11 sin cos tan (DPC)
) (C:\Users\moria\AppData\Local\Programs\MiKTeX\tex/latex/graphics-cfg\graphics.cfg
File: graphics.cfg 2016/06/04 v1.11 sample graphics configuration
)
Package graphics Info: Driver file: pdftex.def on input line 107.
 (C:\Users\moria\AppData\Local\Programs\MiKTeX\tex/latex/graphics-def\pdftex.def
File: pdftex.def 2022/09/22 v1.2b Graphics/color driver for pdftex
))
\Gin@req@height=\dimen141
\Gin@req@width=\dimen142
) (C:\Users\moria\AppData\Local\Programs\MiKTeX\tex/latex/psnfss\pifont.sty
Package: pifont 2020/03/25 PSNFSS-v9.3 Pi font support (SPQR) 
LaTeX Font Info:    Trying to load font information for U+pzd on input line 63.
 (C:\Users\moria\AppData\Local\Programs\MiKTeX\tex/latex/psnfss\upzd.fd
File: upzd.fd 2001/06/04 font definitions for U/pzd.
)
LaTeX Font Info:    Trying to load font information for U+psy on input line 64.
 (C:\Users\moria\AppData\Local\Programs\MiKTeX\tex/latex/psnfss\upsy.fd
File: upsy.fd 2001/06/04 font definitions for U/psy.
)) (C:\Users\moria\AppData\Local\Programs\MiKTeX\tex/latex/base\inputenc.sty
Package: inputenc 2021/02/14 v1.3d Input encoding file
\inpenc@prehook=\toks18
\inpenc@posthook=\toks19
) (C:\Users\moria\AppData\Local\Programs\MiKTeX\tex/latex/amsmath\amsmath.sty
Package: amsmath 2023/05/13 v2.17o AMS math features
\@mathmargin=\skip50

For additional information on amsmath, use the `?' option.
(C:\Users\moria\AppData\Local\Programs\MiKTeX\tex/latex/amsmath\amstext.sty
Package: amstext 2021/08/26 v2.01 AMS text
 (C:\Users\moria\AppData\Local\Programs\MiKTeX\tex/latex/amsmath\amsgen.sty
File: amsgen.sty 1999/11/30 v2.0 generic functions
\@emptytoks=\toks20
\ex@=\dimen143
)) (C:\Users\moria\AppData\Local\Programs\MiKTeX\tex/latex/amsmath\amsbsy.sty
Package: amsbsy 1999/11/29 v1.2d Bold Symbols
\pmbraise@=\dimen144
) (C:\Users\moria\AppData\Local\Programs\MiKTeX\tex/latex/amsmath\amsopn.sty
Package: amsopn 2022/04/08 v2.04 operator names
)
\inf@bad=\count195
LaTeX Info: Redefining \frac on input line 234.
\uproot@=\count196
\leftroot@=\count197
LaTeX Info: Redefining \overline on input line 399.
LaTeX Info: Redefining \colon on input line 410.
\classnum@=\count198
\DOTSCASE@=\count199
LaTeX Info: Redefining \ldots on input line 496.
LaTeX Info: Redefining \dots on input line 499.
LaTeX Info: Redefining \cdots on input line 620.
\Mathstrutbox@=\box51
\strutbox@=\box52
LaTeX Info: Redefining \big on input line 722.
LaTeX Info: Redefining \Big on input line 723.
LaTeX Info: Redefining \bigg on input line 724.
LaTeX Info: Redefining \Bigg on input line 725.
\big@size=\dimen145
LaTeX Font Info:    Redeclaring font encoding OML on input line 743.
LaTeX Font Info:    Redeclaring font encoding OMS on input line 744.
\macc@depth=\count266
LaTeX Info: Redefining \bmod on input line 905.
LaTeX Info: Redefining \pmod on input line 910.
LaTeX Info: Redefining \smash on input line 940.
LaTeX Info: Redefining \relbar on input line 970.
LaTeX Info: Redefining \Relbar on input line 971.
\c@MaxMatrixCols=\count267
\dotsspace@=\muskip16
\c@parentequation=\count268
\dspbrk@lvl=\count269
\tag@help=\toks21
\row@=\count270
\column@=\count271
\maxfields@=\count272
\andhelp@=\toks22
\eqnshift@=\dimen146
\alignsep@=\dimen147
\tagshift@=\dimen148
\tagwidth@=\dimen149
\totwidth@=\dimen150
\lineht@=\dimen151
\@envbody=\toks23
\multlinegap=\skip51
\multlinetaggap=\skip52
\mathdisplay@stack=\toks24
LaTeX Info: Redefining \[ on input line 2953.
LaTeX Info: Redefining \] on input line 2954.
) (C:\Users\moria\AppData\Local\Programs\MiKTeX\tex/latex/listings\listings.sty
\lst@mode=\count273
\lst@gtempboxa=\box53
\lst@token=\toks25
\lst@length=\count274
\lst@currlwidth=\dimen152
\lst@column=\count275
\lst@pos=\count276
\lst@lostspace=\dimen153
\lst@width=\dimen154
\lst@newlines=\count277
\lst@lineno=\count278
\lst@maxwidth=\dimen155
 (C:\Users\moria\AppData\Local\Programs\MiKTeX\tex/latex/listings\lstmisc.sty
File: lstmisc.sty 2023/02/27 1.9 (Carsten Heinz)
\c@lstnumber=\count279
\lst@skipnumbers=\count280
\lst@framebox=\box54
) (C:\Users\moria\AppData\Local\Programs\MiKTeX\tex/latex/listings\listings.cfg
File: listings.cfg 2023/02/27 1.9 listings configuration
))
Package: listings 2023/02/27 1.9 (Carsten Heinz)
 (C:\Users\moria\AppData\Local\Programs\MiKTeX\tex/latex/xcolor\xcolor.sty
Package: xcolor 2023/11/15 v3.01 LaTeX color extensions (UK)
 (C:\Users\moria\AppData\Local\Programs\MiKTeX\tex/latex/graphics-cfg\color.cfg
File: color.cfg 2016/01/02 v1.6 sample color configuration
)
Package xcolor Info: Driver file: pdftex.def on input line 274.
 (C:\Users\moria\AppData\Local\Programs\MiKTeX\tex/latex/graphics\mathcolor.ltx)
Package xcolor Info: Model `cmy' substituted by `cmy0' on input line 1350.
Package xcolor Info: Model `hsb' substituted by `rgb' on input line 1354.
Package xcolor Info: Model `RGB' extended on input line 1366.
Package xcolor Info: Model `HTML' substituted by `rgb' on input line 1368.
Package xcolor Info: Model `Hsb' substituted by `hsb' on input line 1369.
Package xcolor Info: Model `tHsb' substituted by `hsb' on input line 1370.
Package xcolor Info: Model `HSB' substituted by `hsb' on input line 1371.
Package xcolor Info: Model `Gray' substituted by `gray' on input line 1372.
Package xcolor Info: Model `wave' substituted by `hsb' on input line 1373.
) (C:\Users\moria\AppData\Local\Programs\MiKTeX\tex/latex/mdframed\mdframed.sty
Package: mdframed 2013/07/01 1.9b: mdframed
 (C:\Users\moria\AppData\Local\Programs\MiKTeX\tex/latex/kvoptions\kvoptions.sty
Package: kvoptions 2022-06-15 v3.15 Key value format for package options (HO)
 (C:\Users\moria\AppData\Local\Programs\MiKTeX\tex/generic/ltxcmds\ltxcmds.sty
Package: ltxcmds 2023-12-04 v1.26 LaTeX kernel commands for general use (HO)
) (C:\Users\moria\AppData\Local\Programs\MiKTeX\tex/latex/kvsetkeys\kvsetkeys.sty
Package: kvsetkeys 2022-10-05 v1.19 Key value parser (HO)
)) (C:\Users\moria\AppData\Local\Programs\MiKTeX\tex/latex/l3packages/xparse\xparse.sty (C:\Users\moria\AppData\Local\Programs\MiKTeX\tex/latex/l3kernel\expl3.sty
Package: expl3 2024-01-22 L3 programming layer (loader) 
 (C:\Users\moria\AppData\Local\Programs\MiKTeX\tex/latex/l3backend\l3backend-pdftex.def
File: l3backend-pdftex.def 2024-01-04 L3 backend support: PDF output (pdfTeX)
\l__color_backend_stack_int=\count281
\l__pdf_internal_box=\box55
))
Package: xparse 2023-10-10 L3 Experimental document command parser
) (C:\Users\moria\AppData\Local\Programs\MiKTeX\tex/latex/etoolbox\etoolbox.sty
Package: etoolbox 2020/10/05 v2.5k e-TeX tools for LaTeX (JAW)
\etb@tempcnta=\count282
) (C:\Users\moria\AppData\Local\Programs\MiKTeX\tex/latex/zref\zref-abspage.sty
Package: zref-abspage 2023-09-14 v2.35 Module abspage for zref (HO)
 (C:\Users\moria\AppData\Local\Programs\MiKTeX\tex/latex/zref\zref-base.sty
Package: zref-base 2023-09-14 v2.35 Module base for zref (HO)
 (C:\Users\moria\AppData\Local\Programs\MiKTeX\tex/generic/infwarerr\infwarerr.sty
Package: infwarerr 2019/12/03 v1.5 Providing info/warning/error messages (HO)
) (C:\Users\moria\AppData\Local\Programs\MiKTeX\tex/generic/kvdefinekeys\kvdefinekeys.sty
Package: kvdefinekeys 2019-12-19 v1.6 Define keys (HO)
) (C:\Users\moria\AppData\Local\Programs\MiKTeX\tex/generic/pdftexcmds\pdftexcmds.sty
Package: pdftexcmds 2020-06-27 v0.33 Utility functions of pdfTeX for LuaTeX (HO)
 (C:\Users\moria\AppData\Local\Programs\MiKTeX\tex/generic/iftex\iftex.sty
Package: iftex 2022/02/03 v1.0f TeX engine tests
)
Package pdftexcmds Info: \pdf@primitive is available.
Package pdftexcmds Info: \pdf@ifprimitive is available.
Package pdftexcmds Info: \pdfdraftmode found.
) (C:\Users\moria\AppData\Local\Programs\MiKTeX\tex/generic/etexcmds\etexcmds.sty
Package: etexcmds 2019/12/15 v1.7 Avoid name clashes with e-TeX commands (HO)
) (C:\Users\moria\AppData\Local\Programs\MiKTeX\tex/latex/auxhook\auxhook.sty
Package: auxhook 2019-12-17 v1.6 Hooks for auxiliary files (HO)
)
Package zref Info: New property list: main on input line 767.
Package zref Info: New property: default on input line 768.
Package zref Info: New property: page on input line 769.
)
\c@abspage=\count283
Package zref Info: New property: abspage on input line 67.
) (C:\Users\moria\AppData\Local\Programs\MiKTeX\tex/latex/needspace\needspace.sty
Package: needspace 2010/09/12 v1.3d reserve vertical space
)
\mdf@templength=\skip53
\c@mdf@globalstyle@cnt=\count284
\mdf@skipabove@length=\skip54
\mdf@skipbelow@length=\skip55
\mdf@leftmargin@length=\skip56
\mdf@rightmargin@length=\skip57
\mdf@innerleftmargin@length=\skip58
\mdf@innerrightmargin@length=\skip59
\mdf@innertopmargin@length=\skip60
\mdf@innerbottommargin@length=\skip61
\mdf@splittopskip@length=\skip62
\mdf@splitbottomskip@length=\skip63
\mdf@outermargin@length=\skip64
\mdf@innermargin@length=\skip65
\mdf@linewidth@length=\skip66
\mdf@innerlinewidth@length=\skip67
\mdf@middlelinewidth@length=\skip68
\mdf@outerlinewidth@length=\skip69
\mdf@roundcorner@length=\skip70
\mdf@footenotedistance@length=\skip71
\mdf@userdefinedwidth@length=\skip72
\mdf@needspace@length=\skip73
\mdf@frametitleaboveskip@length=\skip74
\mdf@frametitlebelowskip@length=\skip75
\mdf@frametitlerulewidth@length=\skip76
\mdf@frametitleleftmargin@length=\skip77
\mdf@frametitlerightmargin@length=\skip78
\mdf@shadowsize@length=\skip79
\mdf@extratopheight@length=\skip80
\mdf@subtitleabovelinewidth@length=\skip81
\mdf@subtitlebelowlinewidth@length=\skip82
\mdf@subtitleaboveskip@length=\skip83
\mdf@subtitlebelowskip@length=\skip84
\mdf@subtitleinneraboveskip@length=\skip85
\mdf@subtitleinnerbelowskip@length=\skip86
\mdf@subsubtitleabovelinewidth@length=\skip87
\mdf@subsubtitlebelowlinewidth@length=\skip88
\mdf@subsubtitleaboveskip@length=\skip89
\mdf@subsubtitlebelowskip@length=\skip90
\mdf@subsubtitleinneraboveskip@length=\skip91
\mdf@subsubtitleinnerbelowskip@length=\skip92
 (C:\Users\moria\AppData\Local\Programs\MiKTeX\tex/latex/mdframed\md-frame-0.mdf
File: md-frame-0.mdf 2013/07/01\ 1.9b: md-frame-0
)
\mdf@frametitlebox=\box56
\mdf@footnotebox=\box57
\mdf@splitbox@one=\box58
\mdf@splitbox@two=\box59
\mdf@splitbox@save=\box60
\mdfsplitboxwidth=\skip93
\mdfsplitboxtotalwidth=\skip94
\mdfsplitboxheight=\skip95
\mdfsplitboxdepth=\skip96
\mdfsplitboxtotalheight=\skip97
\mdfframetitleboxwidth=\skip98
\mdfframetitleboxtotalwidth=\skip99
\mdfframetitleboxheight=\skip100
\mdfframetitleboxdepth=\skip101
\mdfframetitleboxtotalheight=\skip102
\mdffootnoteboxwidth=\skip103
\mdffootnoteboxtotalwidth=\skip104
\mdffootnoteboxheight=\skip105
\mdffootnoteboxdepth=\skip106
\mdffootnoteboxtotalheight=\skip107
\mdftotallinewidth=\skip108
\mdfboundingboxwidth=\skip109
\mdfboundingboxtotalwidth=\skip110
\mdfboundingboxheight=\skip111
\mdfboundingboxdepth=\skip112
\mdfboundingboxtotalheight=\skip113
\mdf@freevspace@length=\skip114
\mdf@horizontalwidthofbox@length=\skip115
\mdf@verticalmarginwhole@length=\skip116
\mdf@horizontalspaceofbox=\skip117
\mdfsubtitleheight=\skip118
\mdfsubsubtitleheight=\skip119
\c@mdfcountframes=\count285

****** mdframed patching \endmdf@trivlist

****** -- success******

\mdf@envdepth=\count286
\c@mdf@env@i=\count287
\c@mdf@env@ii=\count288
\c@mdf@zref@counter=\count289
Package zref Info: New property: mdf@pagevalue on input line 895.
) (C:\Users\moria\AppData\Local\Programs\MiKTeX\tex/latex/float\float.sty
Package: float 2001/11/08 v1.3d Float enhancements (AL)
\c@float@type=\count290
\float@exts=\toks26
\float@box=\box61
\@float@everytoks=\toks27
\@floatcapt=\box62
) (C:\Users\moria\AppData\Local\Programs\MiKTeX\tex/latex/geometry\geometry.sty
Package: geometry 2020/01/02 v5.9 Page Geometry
 (C:\Users\moria\AppData\Local\Programs\MiKTeX\tex/generic/iftex\ifvtex.sty
Package: ifvtex 2019/10/25 v1.7 ifvtex legacy package. Use iftex instead.
)
\Gm@cnth=\count291
\Gm@cntv=\count292
\c@Gm@tempcnt=\count293
\Gm@bindingoffset=\dimen156
\Gm@wd@mp=\dimen157
\Gm@odd@mp=\dimen158
\Gm@even@mp=\dimen159
\Gm@layoutwidth=\dimen160
\Gm@layoutheight=\dimen161
\Gm@layouthoffset=\dimen162
\Gm@layoutvoffset=\dimen163
\Gm@dimlist=\toks28
 (C:\Users\moria\AppData\Local\Programs\MiKTeX\tex/latex/geometry\geometry.cfg)) (document.aux)
\openout1 = `document.aux'.

LaTeX Font Info:    Checking defaults for OML/cmm/m/it on input line 23.
LaTeX Font Info:    ... okay on input line 23.
LaTeX Font Info:    Checking defaults for OMS/cmsy/m/n on input line 23.
LaTeX Font Info:    ... okay on input line 23.
LaTeX Font Info:    Checking defaults for OT1/cmr/m/n on input line 23.
LaTeX Font Info:    ... okay on input line 23.
LaTeX Font Info:    Checking defaults for T1/cmr/m/n on input line 23.
LaTeX Font Info:    ... okay on input line 23.
LaTeX Font Info:    Checking defaults for TS1/cmr/m/n on input line 23.
LaTeX Font Info:    ... okay on input line 23.
LaTeX Font Info:    Checking defaults for OMX/cmex/m/n on input line 23.
LaTeX Font Info:    ... okay on input line 23.
LaTeX Font Info:    Checking defaults for U/cmr/m/n on input line 23.
LaTeX Font Info:    ... okay on input line 23.
 (C:\Users\moria\AppData\Local\Programs\MiKTeX\tex/context/base/mkii\supp-pdf.mkii
[Loading MPS to PDF converter (version 2006.09.02).]
\scratchcounter=\count294
\scratchdimen=\dimen164
\scratchbox=\box63
\nofMPsegments=\count295
\nofMParguments=\count296
\everyMPshowfont=\toks29
\MPscratchCnt=\count297
\MPscratchDim=\dimen165
\MPnumerator=\count298
\makeMPintoPDFobject=\count299
\everyMPtoPDFconversion=\toks30
) (C:\Users\moria\AppData\Local\Programs\MiKTeX\tex/latex/epstopdf-pkg\epstopdf-base.sty
Package: epstopdf-base 2020-01-24 v2.11 Base part for package epstopdf
Package epstopdf-base Info: Redefining graphics rule for `.eps' on input line 485.
 (C:\Users\moria\AppData\Local\Programs\MiKTeX\tex/latex/00miktex\epstopdf-sys.cfg
File: epstopdf-sys.cfg 2021/03/18 v2.0 Configuration of epstopdf for MiKTeX
))
\c@lstlisting=\count300

*geometry* driver: auto-detecting
*geometry* detected driver: pdftex
*geometry* verbose mode - [ preamble ] result:
* driver: pdftex
* paper: <default>
* layout: <same size as paper>
* layoutoffset:(h,v)=(0.0pt,0.0pt)
* modes: 
* h-part:(L,W,R)=(72.26999pt, 469.75502pt, 72.26999pt)
* v-part:(T,H,B)=(72.26999pt, 650.43001pt, 72.26999pt)
* \paperwidth=614.295pt
* \paperheight=794.96999pt
* \textwidth=469.75502pt
* \textheight=650.43001pt
* \oddsidemargin=0.0pt
* \evensidemargin=0.0pt
* \topmargin=-37.0pt
* \headheight=12.0pt
* \headsep=25.0pt
* \topskip=10.0pt
* \footskip=30.0pt
* \marginparwidth=65.0pt
* \marginparsep=11.0pt
* \columnsep=10.0pt
* \skip\footins=9.0pt plus 4.0pt minus 2.0pt
* \hoffset=0.0pt
* \voffset=0.0pt
* \mag=1000
* \@twocolumnfalse
* \@twosidefalse
* \@mparswitchfalse
* \@reversemarginfalse
* (1in=72.27pt=25.4mm, 1cm=28.453pt)

(document.toc [1

{C:/Users/moria/AppData/Local/MiKTeX/fonts/map/pdftex/pdftex.map}])
\tf@toc=\write3
\openout3 = `document.toc'.

 [2]

LaTeX Warning: Command \textellipsis invalid in math mode on input line 44.


Underfull \hbox (badness 10000) in paragraph at lines 52--58

 []


Underfull \hbox (badness 10000) in paragraph at lines 50--62

 []


Underfull \hbox (badness 10000) in paragraph at lines 50--62

 []

[3]
Underfull \hbox (badness 10000) in paragraph at lines 70--75

 []


Underfull \hbox (badness 10000) in paragraph at lines 70--75

 []


Underfull \hbox (badness 10000) in paragraph at lines 70--75

 []


Underfull \hbox (badness 10000) in paragraph at lines 70--75

 []


Underfull \hbox (badness 10000) in paragraph at lines 70--75

 []

[4] [5] [6] [7]
Underfull \hbox (badness 10000) in paragraph at lines 210--214

 []


Underfull \hbox (badness 10000) in paragraph at lines 210--214

 []

<../imgFolder/linearRegressionFlight.png, id=38, 134.00063pt x 47.17625pt>
File: ../imgFolder/linearRegressionFlight.png Graphic file (type png)
<use ../imgFolder/linearRegressionFlight.png>
Package pdftex.def Info: ../imgFolder/linearRegressionFlight.png  used on input line 218.
(pdftex.def)             Requested size: 170.71652pt x 60.10246pt.
<../imgFolder/randomForestFlight.png, id=40, 128.48pt x 47.67813pt>
File: ../imgFolder/randomForestFlight.png Graphic file (type png)
<use ../imgFolder/randomForestFlight.png>
Package pdftex.def Info: ../imgFolder/randomForestFlight.png  used on input line 225.
(pdftex.def)             Requested size: 170.71652pt x 63.35652pt.
<../imgFolder/linearRegressionTensorflowFlight.png, id=41, 137.01187pt x 22.58438pt>
File: ../imgFolder/linearRegressionTensorflowFlight.png Graphic file (type png)
<use ../imgFolder/linearRegressionTensorflowFlight.png>
Package pdftex.def Info: ../imgFolder/linearRegressionTensorflowFlight.png  used on input line 232.
(pdftex.def)             Requested size: 170.71652pt x 28.14215pt.
<../imgFolder/neuronNetworkFlight.png, id=42, 135.50626pt x 22.58438pt>
File: ../imgFolder/neuronNetworkFlight.png Graphic file (type png)
<use ../imgFolder/neuronNetworkFlight.png>
Package pdftex.def Info: ../imgFolder/neuronNetworkFlight.png  used on input line 241.
(pdftex.def)             Requested size: 170.71652pt x 28.45367pt.
[8 <../imgFolder/linearRegressionFlight.png> <../imgFolder/randomForestFlight.png> <../imgFolder/linearRegressionTensorflowFlight.png>]
<../imgFolder/comparisonFlight.png, id=49, 723.4227pt x 393.8715pt>
File: ../imgFolder/comparisonFlight.png Graphic file (type png)
<use ../imgFolder/comparisonFlight.png>
Package pdftex.def Info: ../imgFolder/comparisonFlight.png  used on input line 248.
(pdftex.def)             Requested size: 227.62204pt x 123.93195pt.

Underfull \hbox (badness 10000) in paragraph at lines 250--252

 []

[9 <../imgFolder/neuronNetworkFlight.png> <../imgFolder/comparisonFlight.png>]
Underfull \hbox (badness 10000) in paragraph at lines 254--260

 []


Underfull \hbox (badness 10000) in paragraph at lines 254--260

 []


Underfull \hbox (badness 10000) in paragraph at lines 261--262

 []


Underfull \hbox (badness 10000) in paragraph at lines 264--266

 []


Underfull \hbox (badness 10000) in paragraph at lines 268--270

 []

[10] [11]
<../imgFolder/softMax_fig.png, id=62, 578.16pt x 361.35pt>
File: ../imgFolder/softMax_fig.png Graphic file (type png)
<use ../imgFolder/softMax_fig.png>
Package pdftex.def Info: ../imgFolder/softMax_fig.png  used on input line 359.
(pdftex.def)             Requested size: 227.62204pt x 142.26025pt.
<../imgFolder/softMaxResult.png, id=63, 156.08313pt x 23.58812pt>
File: ../imgFolder/softMaxResult.png Graphic file (type png)
<use ../imgFolder/softMaxResult.png>
Package pdftex.def Info: ../imgFolder/softMaxResult.png  used on input line 365.
(pdftex.def)             Requested size: 170.71652pt x 25.80014pt.
<../imgFolder/simpleNeuralNetwork_fig.png, id=64, 578.16pt x 361.35pt>
File: ../imgFolder/simpleNeuralNetwork_fig.png Graphic file (type png)
<use ../imgFolder/simpleNeuralNetwork_fig.png>
Package pdftex.def Info: ../imgFolder/simpleNeuralNetwork_fig.png  used on input line 372.
(pdftex.def)             Requested size: 227.62204pt x 142.26025pt.
<../imgFolder/simpleNeuralNetworkResult.png, id=65, 160.09813pt x 25.59563pt>
File: ../imgFolder/simpleNeuralNetworkResult.png Graphic file (type png)
<use ../imgFolder/simpleNeuralNetworkResult.png>
Package pdftex.def Info: ../imgFolder/simpleNeuralNetworkResult.png  used on input line 378.
(pdftex.def)             Requested size: 170.71652pt x 27.29369pt.
<../imgFolder/CNN_fig.png, id=66, 578.16pt x 361.35pt>
File: ../imgFolder/CNN_fig.png Graphic file (type png)
<use ../imgFolder/CNN_fig.png>
Package pdftex.def Info: ../imgFolder/CNN_fig.png  used on input line 384.
(pdftex.def)             Requested size: 227.62204pt x 142.26025pt.
 [12 <../imgFolder/softMax_fig.png> <../imgFolder/softMaxResult.png> <../imgFolder/simpleNeuralNetwork_fig.png> <../imgFolder/simpleNeuralNetworkResult.png>]
<../imgFolder/CNNResult.png, id=74, 157.58875pt x 25.09375pt>
File: ../imgFolder/CNNResult.png Graphic file (type png)
<use ../imgFolder/CNNResult.png>
Package pdftex.def Info: ../imgFolder/CNNResult.png  used on input line 390.
(pdftex.def)             Requested size: 170.71652pt x 27.18582pt.
<../imgFolder/accurateFuncComparison.png, id=75, 578.16pt x 361.35pt>
File: ../imgFolder/accurateFuncComparison.png Graphic file (type png)
<use ../imgFolder/accurateFuncComparison.png>
Package pdftex.def Info: ../imgFolder/accurateFuncComparison.png  used on input line 396.
(pdftex.def)             Requested size: 284.52756pt x 177.82945pt.
<../imgFolder/lossFuncComparison.png, id=76, 578.16pt x 361.35pt>
File: ../imgFolder/lossFuncComparison.png Graphic file (type png)
<use ../imgFolder/lossFuncComparison.png>
Package pdftex.def Info: ../imgFolder/lossFuncComparison.png  used on input line 401.
(pdftex.def)             Requested size: 284.52756pt x 177.82945pt.
 [13 <../imgFolder/CNN_fig.png> <../imgFolder/CNNResult.png> <../imgFolder/accurateFuncComparison.png>] [14 <../imgFolder/lossFuncComparison.png>]
<../imgFolder/create_softmax_model.png, id=88, 327.2225pt x 84.315pt>
File: ../imgFolder/create_softmax_model.png Graphic file (type png)
<use ../imgFolder/create_softmax_model.png>
Package pdftex.def Info: ../imgFolder/create_softmax_model.png  used on input line 413.
(pdftex.def)             Requested size: 284.52756pt x 73.31355pt.
<../imgFolder/train_softmax_model.png, id=89, 287.57437pt x 248.93pt>
File: ../imgFolder/train_softmax_model.png Graphic file (type png)
<use ../imgFolder/train_softmax_model.png>
Package pdftex.def Info: ../imgFolder/train_softmax_model.png  used on input line 419.
(pdftex.def)             Requested size: 284.52756pt x 246.3009pt.
 [15 <../imgFolder/create_softmax_model.png> <../imgFolder/train_softmax_model.png>]
Underfull \hbox (badness 10000) in paragraph at lines 424--427

 []


Underfull \hbox (badness 10000) in paragraph at lines 424--427

 []

<../imgFolder/create-neural-network-code.png, id=95, 423.08063pt x 100.375pt>
File: ../imgFolder/create-neural-network-code.png Graphic file (type png)
<use ../imgFolder/create-neural-network-code.png>
Package pdftex.def Info: ../imgFolder/create-neural-network-code.png  used on input line 432.
(pdftex.def)             Requested size: 284.52756pt x 67.50513pt.

Underfull \hbox (badness 10000) in paragraph at lines 428--433

 []


Underfull \hbox (badness 10000) in paragraph at lines 428--433

 []


Underfull \hbox (badness 10000) in paragraph at lines 435--443

 []


Underfull \hbox (badness 10000) in paragraph at lines 435--443

 []


Underfull \hbox (badness 10000) in paragraph at lines 435--443

 []

<../imgFolder/train_neural_network-code.png, id=96, 508.90125pt x 354.32375pt>
File: ../imgFolder/train_neural_network-code.png Graphic file (type png)
<use ../imgFolder/train_neural_network-code.png>
Package pdftex.def Info: ../imgFolder/train_neural_network-code.png  used on input line 449.
(pdftex.def)             Requested size: 284.52756pt x 198.11177pt.

Underfull \hbox (badness 10000) in paragraph at lines 444--450

 []


Underfull \hbox (badness 10000) in paragraph at lines 444--450

 []

[16 <../imgFolder/create-neural-network-code.png> <../imgFolder/train_neural_network-code.png>] [17]
Underfull \hbox (badness 10000) in paragraph at lines 455--457

 []

<../imgFolder/create_cnn_model.png, id=105, 443.6575pt x 220.32312pt>
File: ../imgFolder/create_cnn_model.png Graphic file (type png)
<use ../imgFolder/create_cnn_model.png>
Package pdftex.def Info: ../imgFolder/create_cnn_model.png  used on input line 461.
(pdftex.def)             Requested size: 284.52756pt x 141.29543pt.

Underfull \hbox (badness 10000) in paragraph at lines 463--488

 []


Underfull \hbox (badness 10000) in paragraph at lines 463--488

 []


Underfull \hbox (badness 10000) in paragraph at lines 463--488

 []


Underfull \hbox (badness 10000) in paragraph at lines 463--488

 []


Underfull \hbox (badness 10000) in paragraph at lines 463--488

 []


Underfull \hbox (badness 10000) in paragraph at lines 463--488

 []


Underfull \hbox (badness 10000) in paragraph at lines 463--488

 []

<../imgFolder/train_cnn_model.png, id=106, 455.20062pt x 370.38374pt>
File: ../imgFolder/train_cnn_model.png Graphic file (type png)
<use ../imgFolder/train_cnn_model.png>
Package pdftex.def Info: ../imgFolder/train_cnn_model.png  used on input line 499.
(pdftex.def)             Requested size: 284.52756pt x 231.51752pt.

Underfull \hbox (badness 10000) in paragraph at lines 489--500

 []

[18 <../imgFolder/create_cnn_model.png>]
<../imgFolder/mainPart1.png, id=111, 485.31313pt x 378.91562pt>
File: ../imgFolder/mainPart1.png Graphic file (type png)
<use ../imgFolder/mainPart1.png>
Package pdftex.def Info: ../imgFolder/mainPart1.png  used on input line 508.
(pdftex.def)             Requested size: 284.52756pt x 222.15907pt.
<../imgFolder/mainPart2.png, id=112, 538.01pt x 407.5225pt>
File: ../imgFolder/mainPart2.png Graphic file (type png)
<use ../imgFolder/mainPart2.png>
Package pdftex.def Info: ../imgFolder/mainPart2.png  used on input line 514.
(pdftex.def)             Requested size: 284.52756pt x 215.51952pt.
 [19 <../imgFolder/train_cnn_model.png> <../imgFolder/mainPart1.png>]
<../imgFolder/getData.png, id=119, 603.75563pt x 361.85187pt>
File: ../imgFolder/getData.png Graphic file (type png)
<use ../imgFolder/getData.png>
Package pdftex.def Info: ../imgFolder/getData.png  used on input line 523.
(pdftex.def)             Requested size: 284.52756pt x 170.52315pt.

Underfull \hbox (badness 10000) in paragraph at lines 518--524

 []


Underfull \hbox (badness 10000) in paragraph at lines 518--524

 []

<../imgFolder/splitData0.png, id=120, 588.69937pt x 135.50626pt>
File: ../imgFolder/splitData0.png Graphic file (type png)
<use ../imgFolder/splitData0.png>
Package pdftex.def Info: ../imgFolder/splitData0.png  used on input line 536.
(pdftex.def)             Requested size: 284.52756pt x 65.493pt.
[20 <../imgFolder/mainPart2.png> <../imgFolder/getData.png>]
<../imgFolder/splitData1.png, id=126, 465.23813pt x 126.4725pt>
File: ../imgFolder/splitData1.png Graphic file (type png)
<use ../imgFolder/splitData1.png>
Package pdftex.def Info: ../imgFolder/splitData1.png  used on input line 547.
(pdftex.def)             Requested size: 284.52756pt x 77.3488pt.
 [21 <../imgFolder/splitData0.png> <../imgFolder/splitData1.png>] (C:\Users\moria\AppData\Local\Programs\MiKTeX\tex/latex/listings\lstlang1.sty
File: lstlang1.sty 2023/02/27 1.9 listings language file
)
Overfull \hbox (34.2501pt too wide) in paragraph at lines 564--565
[][][][][][][][][][][][][][][][][][][][][] 
 []


Overfull \hbox (64.25041pt too wide) in paragraph at lines 607--609
[][][][][][][][][][][][][][][][][][][][][][][][][][][][][][] 
 []

[22]
Overfull \hbox (58.25035pt too wide) in paragraph at lines 616--617
[][][][][][][][][][][][][][][][][][][][][] 
 []


Overfull \hbox (34.2501pt too wide) in paragraph at lines 634--635
[][][][][][][][][][] 
 []

LaTeX Font Info:    Trying to load font information for OMS+cmr on input line 641.
(C:\Users\moria\AppData\Local\Programs\MiKTeX\tex/latex/base\omscmr.fd
File: omscmr.fd 2023/04/13 v2.5m Standard LaTeX font definitions
)
LaTeX Font Info:    Font shape `OMS/cmr/m/n' in size <10> not available
(Font)              Font shape `OMS/cmsy/m/n' tried instead on input line 641.

Overfull \hbox (22.24998pt too wide) in paragraph at lines 641--642
[][][][][][][][][][][][][][][][][][][][][][][][][][][][][][][][] 
 []


Overfull \hbox (58.25035pt too wide) in paragraph at lines 657--658
[][][][][][][][][][][][][][][][][][][][][][][]
 []

[23] [24]
Overfull \hbox (70.25047pt too wide) in paragraph at lines 739--740
[][][][][][][][][][][][][][][][][][][][][][][] 
 []

[25]
Overfull \hbox (22.24998pt too wide) in paragraph at lines 789--790
[][][][][][][][][][][][][][][][][][] 
 []


Overfull \hbox (58.25035pt too wide) in paragraph at lines 809--810
[][][][][][][][][][][][][][][][][][][][][][][] 
 []

[26]
Overfull \hbox (58.25035pt too wide) in paragraph at lines 831--832
[][][][][][][][][][][][][][][][][][][][][][][] 
 []


Overfull \hbox (4.2498pt too wide) in paragraph at lines 848--849
[][][][][][][][][][][][][][][][][][][][][][][][][][][][] 
 []

[27] (document.aux)
 ***********
LaTeX2e <2023-11-01> patch level 1
L3 programming layer <2024-01-22>
 ***********
 ) 
Here is how much of TeX's memory you used:
 7104 strings out of 474542
 116828 string characters out of 5744447
 1991978 words of memory out of 5000000
 29230 multiletter control sequences out of 15000+600000
 565368 words of font info for 61 fonts, out of 8000000 for 9000
 1141 hyphenation exceptions out of 8191
 84i,11n,93p,743b,1614s stack positions out of 10000i,1000n,20000p,200000b,200000s
 <C:\Users\moria\AppData\Local\MiKTeX\fonts/pk/ljfour/jknappen/ec/dpi600\tcti1000.pk> <C:\Users\moria\AppData\Local\MiKTeX\fonts/pk/ljfour/jknappen/ec/dpi600\tcrm1000.pk><C:/Users/moria/AppData/Local/Programs/MiKTeX/fonts/type1/public/amsfonts/cm/cmbx10.pfb><C:/Users/moria/AppData/Local/Programs/MiKTeX/fonts/type1/public/amsfonts/cm/cmbx12.pfb><C:/Users/moria/AppData/Local/Programs/MiKTeX/fonts/type1/public/amsfonts/cm/cmex10.pfb><C:/Users/moria/AppData/Local/Programs/MiKTeX/fonts/type1/public/amsfonts/cm/cmmi10.pfb><C:/Users/moria/AppData/Local/Programs/MiKTeX/fonts/type1/public/amsfonts/cm/cmmi5.pfb><C:/Users/moria/AppData/Local/Programs/MiKTeX/fonts/type1/public/amsfonts/cm/cmmi7.pfb><C:/Users/moria/AppData/Local/Programs/MiKTeX/fonts/type1/public/amsfonts/cm/cmr10.pfb><C:/Users/moria/AppData/Local/Programs/MiKTeX/fonts/type1/public/amsfonts/cm/cmr12.pfb><C:/Users/moria/AppData/Local/Programs/MiKTeX/fonts/type1/public/amsfonts/cm/cmr17.pfb><C:/Users/moria/AppData/Local/Programs/MiKTeX/fonts/type1/public/amsfonts/cm/cmr7.pfb><C:/Users/moria/AppData/Local/Programs/MiKTeX/fonts/type1/public/amsfonts/cm/cmsy10.pfb><C:/Users/moria/AppData/Local/Programs/MiKTeX/fonts/type1/public/amsfonts/cm/cmsy7.pfb><C:/Users/moria/AppData/Local/Programs/MiKTeX/fonts/type1/public/amsfonts/cm/cmti10.pfb><C:/Users/moria/AppData/Local/Programs/MiKTeX/fonts/type1/public/amsfonts/cm/cmtt10.pfb><C:/Users/moria/AppData/Local/Programs/MiKTeX/fonts/type1/urw/zapfding/uzdr.pfb>
Output written on document.pdf (27 pages, 735639 bytes).
PDF statistics:
 225 PDF objects out of 1000 (max. 8388607)
 0 named destinations out of 1000 (max. 500000)
 121 words of extra memory for PDF output out of 10000 (max. 10000000)

